
> frontend@0.1.0 build
> craco build

Creating an optimized production build...
Compiled with warnings.

[eslint] 
src/pages/AdminDashboard.jsx
  Line 47:8:  React Hook useEffect has a missing dependency: 'fetchLeads'. Either include it or remove the dependency array  react-hooks/exhaustive-deps

Search for the keywords to learn more about each warning.
To ignore, add // eslint-disable-next-line to the line before.

File sizes after gzip:

  123.07 kB  build/static/js/main.32095912.js
  11.24 kB   build/static/css/main.bb9e6c9a.css

The project was built assuming it is hosted at /.
You can control this with the homepage field in your package.json.

The build folder is ready to be deployed.
You may serve it with a static server:

  npm install -g serve
  serve -s build

Find out more about deployment here:

  https://cra.link/deployment

